#
# A fatal error has been detected by the Java Runtime Environment:
#
#  SIGSEGV (0xb) at pc=0x00007f1644ba4fb4, pid=4537, tid=139733608736512
#
# JRE version: Java(TM) SE Runtime Environment (8.0_25-b17) (build 1.8.0_25-b17)
# Java VM: Java HotSpot(TM) 64-Bit Server VM (25.25-b02 mixed mode linux-amd64 compressed oops)
# Problematic frame:
# C  [libavformat.so.57+0xa4fb4]
#
# Failed to write core dump. Core dumps have been disabled. To enable core dumping, try "ulimit -c unlimited" before starting Java again
#
# If you would like to submit a bug report, please visit:
#   http://bugreport.sun.com/bugreport/crash.jsp
# The crash happened outside the Java Virtual Machine in native code.
# See problematic frame for where to report the bug.
#

---------------  T H R E A D  ---------------

Current thread (0x00007f16a020a800):  JavaThread "Thread-0" [_thread_in_native, id=4558, stack(0x00007f16440ca000,0x00007f16441cb000)]

siginfo: si_signo: 11 (SIGSEGV), si_code: 1 (SEGV_MAPERR), si_addr: 0x00007f163d72f0b0

Registers:
RAX=0x0000000000000000, RBX=0x0000000000000000, RCX=0x0000000000000000, RDX=0x0000000000000000
RSP=0x00007f16441c92e0, RBP=0x0000000000000000, RSI=0x0000000000008000, RDI=0x0000000000008000
R8 =0x0000000000000000, R9 =0x00007f1644b85b70, R10=0x0000000000000000, R11=0x0000000000000000
R12=0x00007f1638079480, R13=0x00007f163d52f040, R14=0x00007f163d52f040, R15=0x000000000000000b
RIP=0x00007f1644ba4fb4, EFLAGS=0x0000000000010246, CSGSFS=0x0000000000000033, ERR=0x0000000000000006
  TRAPNO=0x000000000000000e

Top of Stack: (sp=0x00007f16441c92e0)
0x00007f16441c92e0:   00007f16441c9468 000000000001e5cc
0x00007f16441c92f0:   000000000001e663 0000ac44ffffffff
0x00007f16441c9300:   00000000001c7f6b 00007f16441c9570
0x00007f16441c9310:   00007f1644decc9a 0000000000000000
0x00007f16441c9320:   0000000000000001 0000000000000000
0x00007f16441c9330:   00007f16441c9350 8000000000000000
0x00007f16441c9340:   00007f16441c9468 00007f160000000a
0x00007f16441c9350:   00007f16441c93f0 00007f16a6fbc1f1
0x00007f16441c9360:   0000000000000001 00007f163807a240
0x00007f16441c9370:   00007f1644decc9a 00007f16441c9570
0x00007f16441c9380:   0000000000000000 00007f1638079480
0x00007f16441c9390:   00007f1638079480 00007f1638079480
0x00007f16441c93a0:   00007f16a020a800 00007f1644c93b62
0x00007f16441c93b0:   00007f1644decc9a 00007f16441c93e0
0x00007f16441c93c0:   0000000000000001 00007f1638079480
0x00007f16441c93d0:   00007f1644decc9a 0000000000000000
0x00007f16441c93e0:   0000000000000001 0000000000000000
0x00007f16441c93f0:   00007f163807a240 00007f1647daf2a3
0x00007f16441c9400:   00007f16441c9468 00007f16441c94a8
0x00007f16441c9410:   00007f1638079480 00007f16441c94a8
0x00007f16441c9420:   ffffffff00000000 00007f16441c94c8
0x00007f16441c9430:   00007f1638079480 00007f16441c94c8
0x00007f16441c9440:   0000000000000000 00007f16380980e0
0x00007f16441c9450:   00007f1638079480 0000000000000000
0x00007f16441c9460:   00007f1638079480 00007f1638079480
0x00007f16441c9470:   00007f16a020a800 00007f1644c94861
0x00007f16441c9480:   00007f16441c94a0 00007f16a7592639
0x00007f16441c9490:   00007f16441c9540 00007f16441c9570
0x00007f16441c94a0:   00007f16441c9510 00007f16441c9530
0x00007f16441c94b0:   00007f16441c94f0 00007f16441c94d0
0x00007f16441c94c0:   00007f16441c9600 0000000000000000
0x00007f16441c94d0:   0000000000000000 00007f16a020a800 

Instructions: (pc=0x00007f1644ba4fb4)
0x00007f1644ba4f94:   7c 24 20 48 89 44 24 10 e8 7f 26 fe ff 49 8b 7c
0x00007f1644ba4fa4:   24 20 89 c3 83 e3 1f e8 10 2d fe ff 44 8d 78 0b
0x00007f1644ba4fb4:   45 01 be 70 00 20 00 49 8b 7c 24 20 89 c5 e8 f9
0x00007f1644ba4fc4:   2c fe ff 49 8b 7c 24 20 41 89 c5 e8 4c 26 fe ff 

Register to memory mapping:

RAX=0x0000000000000000 is an unknown value
RBX=0x0000000000000000 is an unknown value
RCX=0x0000000000000000 is an unknown value
RDX=0x0000000000000000 is an unknown value
RSP=0x00007f16441c92e0 is pointing into the stack for thread: 0x00007f16a020a800
RBP=0x0000000000000000 is an unknown value
RSI=0x0000000000008000 is an unknown value
RDI=0x0000000000008000 is an unknown value
R8 =0x0000000000000000 is an unknown value
R9 =0x00007f1644b85b70: <offset 0x85b70> in /tmp/javacpp1665267659200/libavformat.so.57 at 0x00007f1644b00000
R10=0x0000000000000000 is an unknown value
R11=0x0000000000000000 is an unknown value
R12=0x00007f1638079480 is an unknown value
R13=0x00007f163d52f040 is an unknown value
R14=0x00007f163d52f040 is an unknown value
R15=0x000000000000000b is an unknown value


Stack: [0x00007f16440ca000,0x00007f16441cb000],  sp=0x00007f16441c92e0,  free space=1020k
Native frames: (J=compiled Java code, j=interpreted, Vv=VM code, C=native code)
C  [libavformat.so.57+0xa4fb4]

Java frames: (J=compiled Java code, j=interpreted, Vv=VM code)
J 555  org.bytedeco.javacpp.avformat.av_read_frame(Lorg/bytedeco/javacpp/avformat$AVFormatContext;Lorg/bytedeco/javacpp/avcodec$AVPacket;)I (0 bytes) @ 0x00007f16912327a3 [0x00007f1691232740+0x63]
j  org.bytedeco.javacv.FFmpegFrameGrabber.grabFrame(ZZZZ)Lorg/bytedeco/javacv/Frame;+214
j  com.persist.GrabThread.grab()V+113
j  com.persist.GrabThread.run()V+10
v  ~StubRoutines::call_stub

---------------  P R O C E S S  ---------------

Java Threads: ( => current thread )
  0x00007f1638071800 JavaThread "commons-pool-EvictionTimer" daemon [_thread_blocked, id=4561, stack(0x00007f163dd54000,0x00007f163de55000)]
  0x00007f16a0009800 JavaThread "DestroyJavaVM" [_thread_blocked, id=4539, stack(0x00007f16a8768000,0x00007f16a8869000)]
=>0x00007f16a020a800 JavaThread "Thread-0" [_thread_in_native, id=4558, stack(0x00007f16440ca000,0x00007f16441cb000)]
  0x00007f16a00da800 JavaThread "Service Thread" daemon [_thread_blocked, id=4556, stack(0x00007f166c3e6000,0x00007f166c4e7000)]
  0x00007f16a00bb000 JavaThread "C1 CompilerThread3" daemon [_thread_blocked, id=4555, stack(0x00007f166c4e7000,0x00007f166c5e8000)]
  0x00007f16a00b9000 JavaThread "C2 CompilerThread2" daemon [_thread_blocked, id=4554, stack(0x00007f166c5e8000,0x00007f166c6e9000)]
  0x00007f16a00b7000 JavaThread "C2 CompilerThread1" daemon [_thread_blocked, id=4553, stack(0x00007f166c6e9000,0x00007f166c7ea000)]
  0x00007f16a00b4000 JavaThread "C2 CompilerThread0" daemon [_thread_blocked, id=4552, stack(0x00007f166c7ea000,0x00007f166c8eb000)]
  0x00007f16a00b2000 JavaThread "Signal Dispatcher" daemon [_thread_blocked, id=4551, stack(0x00007f166c8eb000,0x00007f166c9ec000)]
  0x00007f16a0084000 JavaThread "Finalizer" daemon [_thread_blocked, id=4550, stack(0x00007f166d0ce000,0x00007f166d1cf000)]
  0x00007f16a0082000 JavaThread "Reference Handler" daemon [_thread_blocked, id=4549, stack(0x00007f166d1cf000,0x00007f166d2d0000)]

Other Threads:
  0x00007f16a007b000 VMThread [stack: 0x00007f166d2d0000,0x00007f166d3d1000] [id=4548]
  0x00007f16a00dd000 WatcherThread [stack: 0x00007f166c2e5000,0x00007f166c3e6000] [id=4557]

VM state:not at safepoint (normal execution)

VM Mutex/Monitor currently owned by a thread: None

Heap:
 PSYoungGen      total 17920K, used 11420K [0x00000000ec000000, 0x00000000ed400000, 0x0000000100000000)
  eden space 15360K, 74% used [0x00000000ec000000,0x00000000ecb270f0,0x00000000ecf00000)
  from space 2560K, 0% used [0x00000000ed180000,0x00000000ed180000,0x00000000ed400000)
  to   space 2560K, 0% used [0x00000000ecf00000,0x00000000ecf00000,0x00000000ed180000)
 ParOldGen       total 40960K, used 0K [0x00000000c4000000, 0x00000000c6800000, 0x00000000ec000000)
  object space 40960K, 0% used [0x00000000c4000000,0x00000000c4000000,0x00000000c6800000)
 Metaspace       used 7898K, capacity 8010K, committed 8192K, reserved 1056768K
  class space    used 906K, capacity 945K, committed 1024K, reserved 1048576K

Card table byte_map: [0x00007f16a53a7000,0x00007f16a5588000] byte_map_base: 0x00007f16a4d87000

Marking Bits: (ParMarkBitMap*) 0x00007f16a7c412c0
 Begin Bits: [0x00007f166e200000, 0x00007f166f100000)
 End Bits:   [0x00007f166f100000, 0x00007f1670000000)

Polling page: 0x00007f16a8887000

CodeCache: size=245760Kb used=2251Kb max_used=2251Kb free=243508Kb
 bounds [0x00007f1691000000, 0x00007f1691270000, 0x00007f16a0000000]
 total_blobs=903 nmethods=561 adapters=257
 compilation: enabled

Compilation events (10 events):
Event: 8.043 Thread 0x00007f16a00bb000  552       1       java.util.Arrays$ArrayList::get (7 bytes)
Event: 8.043 Thread 0x00007f16a00bb000 nmethod 552 0x00007f1691232fd0 code [0x00007f1691233120, 0x00007f1691233250]
Event: 8.068 Thread 0x00007f16a00bb000  553       1       java.nio.Buffer::position (5 bytes)
Event: 8.069 Thread 0x00007f16a00bb000 nmethod 553 0x00007f1691232d10 code [0x00007f1691232e60, 0x00007f1691232f70]
Event: 841.966 Thread 0x00007f16a00bb000  558       1       java.util.concurrent.locks.AbstractQueuedSynchronizer::getState (5 bytes)
Event: 841.966 Thread 0x00007f16a00bb000 nmethod 558 0x00007f1691231c10 code [0x00007f1691231d60, 0x00007f1691231e70]
Event: 1891.968 Thread 0x00007f16a00bb000  559       3       java.util.TaskQueue::isEmpty (13 bytes)
Event: 1891.969 Thread 0x00007f16a00bb000 nmethod 559 0x00007f1691231890 code [0x00007f1691231a00, 0x00007f1691231bb0]
Event: 1921.968 Thread 0x00007f16a00bb000  560       1       org.apache.commons.pool2.impl.BaseGenericObjectPool::access$000 (5 bytes)
Event: 1921.969 Thread 0x00007f16a00bb000 nmethod 560 0x00007f1691231590 code [0x00007f16912316e0, 0x00007f16912317d0]

GC Heap History (0 events):
No events

Deoptimization events (5 events):
Event: 1.184 Thread 0x00007f16a020a800 Uncommon trap: reason=class_check action=maybe_recompile pc=0x00007f1691180414 method=java.io.FilterInputStream.read([B)I @ 5
Event: 1.210 Thread 0x00007f16a020a800 Uncommon trap: reason=class_check action=maybe_recompile pc=0x00007f1691180414 method=java.io.FilterInputStream.read([B)I @ 5
Event: 1.210 Thread 0x00007f16a020a800 Uncommon trap: reason=class_check action=maybe_recompile pc=0x00007f1691180414 method=java.io.FilterInputStream.read([B)I @ 5
Event: 1.940 Thread 0x00007f16a020a800 Uncommon trap: reason=range_check action=make_not_entrant pc=0x00007f1691218a40 method=sun.reflect.generics.parser.SignatureParser.current()C @ 34
Event: 2.020 Thread 0x00007f16a020a800 Uncommon trap: reason=class_check action=maybe_recompile pc=0x00007f1691180414 method=java.io.FilterInputStream.read([B)I @ 5

Internal exceptions (10 events):
Event: 2.339 Thread 0x00007f16a020a800 Exception <a 'java/security/PrivilegedActionException'> (0x00000000eca69a80) thrown at [/HUDSON/workspace/8-2-build-linux-amd64/jdk8u25/1514/hotspot/src/share/vm/prims/jvm.cpp, line 1312]
Event: 2.340 Thread 0x00007f16a020a800 Exception <a 'java/security/PrivilegedActionException'> (0x00000000eca6d1c8) thrown at [/HUDSON/workspace/8-2-build-linux-amd64/jdk8u25/1514/hotspot/src/share/vm/prims/jvm.cpp, line 1312]
Event: 2.341 Thread 0x00007f16a020a800 Exception <a 'java/security/PrivilegedActionException'> (0x00000000eca720e0) thrown at [/HUDSON/workspace/8-2-build-linux-amd64/jdk8u25/1514/hotspot/src/share/vm/prims/jvm.cpp, line 1312]
Event: 2.341 Thread 0x00007f16a020a800 Exception <a 'java/security/PrivilegedActionException'> (0x00000000eca76fd0) thrown at [/HUDSON/workspace/8-2-build-linux-amd64/jdk8u25/1514/hotspot/src/share/vm/prims/jvm.cpp, line 1312]
Event: 2.342 Thread 0x00007f16a020a800 Exception <a 'java/security/PrivilegedActionException'> (0x00000000eca7bf68) thrown at [/HUDSON/workspace/8-2-build-linux-amd64/jdk8u25/1514/hotspot/src/share/vm/prims/jvm.cpp, line 1312]
Event: 2.342 Thread 0x00007f16a020a800 Exception <a 'java/security/PrivilegedActionException'> (0x00000000eca80e90) thrown at [/HUDSON/workspace/8-2-build-linux-amd64/jdk8u25/1514/hotspot/src/share/vm/prims/jvm.cpp, line 1312]
Event: 2.342 Thread 0x00007f16a020a800 Exception <a 'java/security/PrivilegedActionException'> (0x00000000eca85cf8) thrown at [/HUDSON/workspace/8-2-build-linux-amd64/jdk8u25/1514/hotspot/src/share/vm/prims/jvm.cpp, line 1312]
Event: 2.342 Thread 0x00007f16a020a800 Exception <a 'java/security/PrivilegedActionException'> (0x00000000eca8abd0) thrown at [/HUDSON/workspace/8-2-build-linux-amd64/jdk8u25/1514/hotspot/src/share/vm/prims/jvm.cpp, line 1312]
Event: 2.343 Thread 0x00007f16a020a800 Exception <a 'java/security/PrivilegedActionException'> (0x00000000eca8fc18) thrown at [/HUDSON/workspace/8-2-build-linux-amd64/jdk8u25/1514/hotspot/src/share/vm/prims/jvm.cpp, line 1312]
Event: 8.042 Thread 0x00007f16a020a800 Exception <a 'java/security/PrivilegedActionException'> (0x00000000ecaa66d8) thrown at [/HUDSON/workspace/8-2-build-linux-amd64/jdk8u25/1514/hotspot/src/share/vm/prims/jvm.cpp, line 1312]

Events (10 events):
Event: 2.342 loading class org/bytedeco/javacpp/indexer/LongIndexer done
Event: 2.342 loading class org/bytedeco/javacpp/indexer/FloatIndexer
Event: 2.342 loading class org/bytedeco/javacpp/indexer/FloatIndexer done
Event: 2.343 loading class org/bytedeco/javacpp/indexer/DoubleIndexer
Event: 2.343 loading class org/bytedeco/javacpp/indexer/DoubleIndexer done
Event: 4.059 Executing VM operation: EnableBiasedLocking
Event: 4.059 Executing VM operation: EnableBiasedLocking done
Event: 8.042 loading class org/bytedeco/javacpp/avutil$AVBPrint
Event: 8.042 loading class org/bytedeco/javacpp/avutil$AVBPrint done
Event: 9.027 Thread 0x00007f16a020f000 Thread exited: 0x00007f16a020f000


Dynamic libraries:
00400000-00401000 r-xp 00000000 08:0a 4588693                            /usr/java/jdk1.8.0_25/bin/java
00600000-00601000 rw-p 00000000 08:0a 4588693                            /usr/java/jdk1.8.0_25/bin/java
0150b000-0152c000 rw-p 00000000 00:00 0                                  [heap]
c4000000-c6800000 rw-p 00000000 00:00 0 
c6800000-ec000000 ---p 00000000 00:00 0 
ec000000-ed400000 rw-p 00000000 00:00 0 
ed400000-100000000 ---p 00000000 00:00 0 
100000000-100100000 rw-p 00000000 00:00 0 
100100000-140000000 ---p 00000000 00:00 0 
7f1628000000-7f162827c000 rw-p 00000000 00:00 0 
7f162827c000-7f162c000000 ---p 00000000 00:00 0 
7f1630000000-7f1630021000 rw-p 00000000 00:00 0 
7f1630021000-7f1634000000 ---p 00000000 00:00 0 
7f1634000000-7f1634021000 rw-p 00000000 00:00 0 
7f1634021000-7f1638000000 ---p 00000000 00:00 0 
7f1638000000-7f163816f000 rw-p 00000000 00:00 0 
7f163816f000-7f163c000000 ---p 00000000 00:00 0 
7f163d730000-7f163d747000 r-xp 00000000 08:0a 393316                     /lib/x86_64-linux-gnu/libresolv-2.19.so
7f163d747000-7f163d947000 ---p 00017000 08:0a 393316                     /lib/x86_64-linux-gnu/libresolv-2.19.so
7f163d947000-7f163d948000 r--p 00017000 08:0a 393316                     /lib/x86_64-linux-gnu/libresolv-2.19.so
7f163d948000-7f163d949000 rw-p 00018000 08:0a 393316                     /lib/x86_64-linux-gnu/libresolv-2.19.so
7f163d949000-7f163d94b000 rw-p 00000000 00:00 0 
7f163d94b000-7f163d950000 r-xp 00000000 08:0a 397203                     /lib/x86_64-linux-gnu/libnss_dns-2.19.so
7f163d950000-7f163db4f000 ---p 00005000 08:0a 397203                     /lib/x86_64-linux-gnu/libnss_dns-2.19.so
7f163db4f000-7f163db50000 r--p 00004000 08:0a 397203                     /lib/x86_64-linux-gnu/libnss_dns-2.19.so
7f163db50000-7f163db51000 rw-p 00005000 08:0a 397203                     /lib/x86_64-linux-gnu/libnss_dns-2.19.so
7f163db51000-7f163db53000 r-xp 00000000 08:0a 397359                     /lib/x86_64-linux-gnu/libnss_mdns4_minimal.so.2
7f163db53000-7f163dd52000 ---p 00002000 08:0a 397359                     /lib/x86_64-linux-gnu/libnss_mdns4_minimal.so.2
7f163dd52000-7f163dd53000 r--p 00001000 08:0a 397359                     /lib/x86_64-linux-gnu/libnss_mdns4_minimal.so.2
7f163dd53000-7f163dd54000 rw-p 00002000 08:0a 397359                     /lib/x86_64-linux-gnu/libnss_mdns4_minimal.so.2
7f163dd54000-7f163dd57000 ---p 00000000 00:00 0 
7f163dd57000-7f163de55000 rw-p 00000000 00:00 0                          [stack:4561]
7f163de55000-7f163de58000 ---p 00000000 00:00 0 
7f163de58000-7f163df56000 rw-p 00000000 00:00 0 
7f163df56000-7f163df67000 r-xp 00000000 08:0a 4722375                    /usr/java/jdk1.8.0_25/jre/lib/amd64/libnio.so
7f163df67000-7f163e166000 ---p 00011000 08:0a 4722375                    /usr/java/jdk1.8.0_25/jre/lib/amd64/libnio.so
7f163e166000-7f163e167000 rw-p 00010000 08:0a 4722375                    /usr/java/jdk1.8.0_25/jre/lib/amd64/libnio.so
7f163e167000-7f163e17d000 r-xp 00000000 08:0a 4722354                    /usr/java/jdk1.8.0_25/jre/lib/amd64/libnet.so
7f163e17d000-7f163e37d000 ---p 00016000 08:0a 4722354                    /usr/java/jdk1.8.0_25/jre/lib/amd64/libnet.so
7f163e37d000-7f163e37e000 rw-p 00016000 08:0a 4722354                    /usr/java/jdk1.8.0_25/jre/lib/amd64/libnet.so
7f163e37e000-7f163e386000 r-xp 00000000 08:0a 4722339                    /usr/java/jdk1.8.0_25/jre/lib/amd64/libmanagement.so
7f163e386000-7f163e586000 ---p 00008000 08:0a 4722339                    /usr/java/jdk1.8.0_25/jre/lib/amd64/libmanagement.so
7f163e586000-7f163e587000 rw-p 00008000 08:0a 4722339                    /usr/java/jdk1.8.0_25/jre/lib/amd64/libmanagement.so
7f163e587000-7f163e58a000 ---p 00000000 00:00 0 
7f163e58a000-7f163e688000 rw-p 00000000 00:00 0 
7f163e688000-7f163e69a000 r-xp 00000000 08:0a 1051620                    /tmp/javacpp1665267659200/libjniavdevice.so
7f163e69a000-7f163e89a000 ---p 00012000 08:0a 1051620                    /tmp/javacpp1665267659200/libjniavdevice.so
7f163e89a000-7f163e89b000 r--p 00012000 08:0a 1051620                    /tmp/javacpp1665267659200/libjniavdevice.so
7f163e89b000-7f163e89c000 rw-p 00013000 08:0a 1051620                    /tmp/javacpp1665267659200/libjniavdevice.so
7f163e89c000-7f163e8a1000 r-xp 00000000 08:0a 2498966                    /usr/lib/x86_64-linux-gnu/libXdmcp.so.6.0.0
7f163e8a1000-7f163eaa0000 ---p 00005000 08:0a 2498966                    /usr/lib/x86_64-linux-gnu/libXdmcp.so.6.0.0
7f163eaa0000-7f163eaa1000 r--p 00004000 08:0a 2498966                    /usr/lib/x86_64-linux-gnu/libXdmcp.so.6.0.0
7f163eaa1000-7f163eaa2000 rw-p 00005000 08:0a 2498966                    /usr/lib/x86_64-linux-gnu/libXdmcp.so.6.0.0
7f163eaa2000-7f163eaa4000 r-xp 00000000 08:0a 2498955                    /usr/lib/x86_64-linux-gnu/libXau.so.6.0.0
7f163eaa4000-7f163eca4000 ---p 00002000 08:0a 2498955                    /usr/lib/x86_64-linux-gnu/libXau.so.6.0.0
7f163eca4000-7f163eca5000 r--p 00002000 08:0a 2498955                    /usr/lib/x86_64-linux-gnu/libXau.so.6.0.0
7f163eca5000-7f163eca6000 rw-p 00003000 08:0a 2498955                    /usr/lib/x86_64-linux-gnu/libXau.so.6.0.0
7f163eca6000-7f163ecc3000 r-xp 00000000 08:0a 2500025                    /usr/lib/x86_64-linux-gnu/libxcb.so.1.1.0
7f163ecc3000-7f163eec3000 ---p 0001d000 08:0a 2500025                    /usr/lib/x86_64-linux-gnu/libxcb.so.1.1.0
7f163eec3000-7f163eec4000 r--p 0001d000 08:0a 2500025                    /usr/lib/x86_64-linux-gnu/libxcb.so.1.1.0
7f163eec4000-7f163eec5000 rw-p 0001e000 08:0a 2500025                    /usr/lib/x86_64-linux-gnu/libxcb.so.1.1.0
7f163eec5000-7f163eff5000 r-xp 00000000 08:0a 2498951                    /usr/lib/x86_64-linux-gnu/libX11.so.6.3.0
7f163eff5000-7f163f1f5000 ---p 00130000 08:0a 2498951                    /usr/lib/x86_64-linux-gnu/libX11.so.6.3.0
7f163f1f5000-7f163f1f6000 r--p 00130000 08:0a 2498951                    /usr/lib/x86_64-linux-gnu/libX11.so.6.3.0
7f163f1f6000-7f163f1fa000 rw-p 00131000 08:0a 2498951                    /usr/lib/x86_64-linux-gnu/libX11.so.6.3.0
7f163f1fa000-7f163f20b000 r-xp 00000000 08:0a 2493119                    /usr/lib/x86_64-linux-gnu/libXext.so.6.4.0
7f163f20b000-7f163f40a000 ---p 00011000 08:0a 2493119                    /usr/lib/x86_64-linux-gnu/libXext.so.6.4.0
7f163f40a000-7f163f40b000 r--p 00010000 08:0a 2493119                    /usr/lib/x86_64-linux-gnu/libXext.so.6.4.0
7f163f40b000-7f163f40c000 rw-p 00011000 08:0a 2493119                    /usr/lib/x86_64-linux-gnu/libXext.so.6.4.0
7f163f40c000-7f163f411000 r-xp 00000000 08:0a 2494207                    /usr/lib/x86_64-linux-gnu/libXfixes.so.3.1.0
7f163f411000-7f163f610000 ---p 00005000 08:0a 2494207                    /usr/lib/x86_64-linux-gnu/libXfixes.so.3.1.0
7f163f610000-7f163f611000 r--p 00004000 08:0a 2494207                    /usr/lib/x86_64-linux-gnu/libXfixes.so.3.1.0
7f163f611000-7f163f612000 rw-p 00005000 08:0a 2494207                    /usr/lib/x86_64-linux-gnu/libXfixes.so.3.1.0
7f163f612000-7f163f621000 r-xp 00000000 08:0a 1051619                    /tmp/javacpp1665267659200/libavdevice.so.57
7f163f621000-7f163f821000 ---p 0000f000 08:0a 1051619                    /tmp/javacpp1665267659200/libavdevice.so.57
7f163f821000-7f163f823000 r--p 0000f000 08:0a 1051619                    /tmp/javacpp1665267659200/libavdevice.so.57
7f163f823000-7f163f824000 rw-p 00011000 08:0a 1051619                    /tmp/javacpp1665267659200/libavdevice.so.57
7f163f824000-7f163f851000 r-xp 00000000 08:0a 1051618                    /tmp/javacpp1665267659200/libjniavfilter.so
7f163f851000-7f163fa50000 ---p 0002d000 08:0a 1051618                    /tmp/javacpp1665267659200/libjniavfilter.so
7f163fa50000-7f163fa51000 r--p 0002c000 08:0a 1051618                    /tmp/javacpp1665267659200/libjniavfilter.so
7f163fa51000-7f163fa52000 rw-p 0002d000 08:0a 1051618                    /tmp/javacpp1665267659200/libjniavfilter.so
7f163fa52000-7f163fbae000 r-xp 00000000 08:0a 1051617                    /tmp/javacpp1665267659200/libavfilter.so.6
7f163fbae000-7f163fdae000 ---p 0015c000 08:0a 1051617                    /tmp/javacpp1665267659200/libavfilter.so.6
7f163fdae000-7f163fdea000 r--p 0015c000 08:0a 1051617                    /tmp/javacpp1665267659200/libavfilter.so.6
7f163fdea000-7f163fdf3000 rw-p 00198000 08:0a 1051617                    /tmp/javacpp1665267659200/libavfilter.so.6
7f163fdf3000-7f163fdfe000 r-xp 00000000 08:0a 1051609                    /tmp/javacpp1665267659200/libjnipostproc.so
7f163fdfe000-7f163fffe000 ---p 0000b000 08:0a 1051609                    /tmp/javacpp1665267659200/libjnipostproc.so
7f163fffe000-7f163ffff000 r--p 0000b000 08:0a 1051609                    /tmp/javacpp1665267659200/libjnipostproc.so
7f163ffff000-7f1640000000 rw-p 0000c000 08:0a 1051609                    /tmp/javacpp1665267659200/libjnipostproc.so
7f1640000000-7f1640021000 rw-p 00000000 00:00 0 
7f1640021000-7f1644000000 ---p 00000000 00:00 0 
7f16440ca000-7f16440cd000 ---p 00000000 00:00 0 
7f16440cd000-7f16441cb000 rw-p 00000000 00:00 0                          [stack:4558]
7f16441cb000-7f16441ea000 r-xp 00000000 08:0a 1051598                    /tmp/javacpp1665267659200/libpostproc.so.54
7f16441ea000-7f16443e9000 ---p 0001f000 08:0a 1051598                    /tmp/javacpp1665267659200/libpostproc.so.54
7f16443e9000-7f16443ea000 r--p 0001e000 08:0a 1051598                    /tmp/javacpp1665267659200/libpostproc.so.54
7f16443ea000-7f16443eb000 rw-p 0001f000 08:0a 1051598                    /tmp/javacpp1665267659200/libpostproc.so.54
7f16443eb000-7f16443fd000 r-xp 00000000 08:0a 1051596                    /tmp/javacpp1665267659200/libjniswscale.so
7f16443fd000-7f16445fc000 ---p 00012000 08:0a 1051596                    /tmp/javacpp1665267659200/libjniswscale.so
7f16445fc000-7f16445fd000 r--p 00011000 08:0a 1051596                    /tmp/javacpp1665267659200/libjniswscale.so
7f16445fd000-7f16445fe000 rw-p 00012000 08:0a 1051596                    /tmp/javacpp1665267659200/libjniswscale.so
7f16445fe000-7f164467b000 r-xp 00000000 08:0a 1051595                    /tmp/javacpp1665267659200/libswscale.so.4
7f164467b000-7f164487b000 ---p 0007d000 08:0a 1051595                    /tmp/javacpp1665267659200/libswscale.so.4
7f164487b000-7f164487c000 r--p 0007d000 08:0a 1051595                    /tmp/javacpp1665267659200/libswscale.so.4
7f164487c000-7f164487d000 rw-p 0007e000 08:0a 1051595                    /tmp/javacpp1665267659200/libswscale.so.4
7f164487d000-7f1644885000 rw-p 00000000 00:00 0 
7f1644885000-7f16448ff000 r-xp 00000000 08:0a 1051592                    /tmp/javacpp1665267659200/libjniavformat.so
7f16448ff000-7f1644afe000 ---p 0007a000 08:0a 1051592                    /tmp/javacpp1665267659200/libjniavformat.so
7f1644afe000-7f1644aff000 r--p 00079000 08:0a 1051592                    /tmp/javacpp1665267659200/libjniavformat.so
7f1644aff000-7f1644b00000 rw-p 0007a000 08:0a 1051592                    /tmp/javacpp1665267659200/libjniavformat.so
7f1644b00000-7f1644ecb000 r-xp 00000000 08:0a 1051591                    /tmp/javacpp1665267659200/libavformat.so.57
7f1644ecb000-7f16450ca000 ---p 003cb000 08:0a 1051591                    /tmp/javacpp1665267659200/libavformat.so.57
7f16450ca000-7f16450fa000 r--p 003ca000 08:0a 1051591                    /tmp/javacpp1665267659200/libavformat.so.57
7f16450fa000-7f1645122000 rw-p 003fa000 08:0a 1051591                    /tmp/javacpp1665267659200/libavformat.so.57
7f1645122000-7f1645126000 rw-p 00000000 00:00 0 
7f1645126000-7f16451a5000 r-xp 00000000 08:0a 1051590                    /tmp/javacpp1665267659200/libjniavcodec.so
7f16451a5000-7f16453a4000 ---p 0007f000 08:0a 1051590                    /tmp/javacpp1665267659200/libjniavcodec.so
7f16453a4000-7f16453a5000 r--p 0007e000 08:0a 1051590                    /tmp/javacpp1665267659200/libjniavcodec.so
7f16453a5000-7f16453a6000 rw-p 0007f000 08:0a 1051590                    /tmp/javacpp1665267659200/libjniavcodec.so
7f16453a6000-7f16453be000 r-xp 00000000 08:0a 397441                     /lib/x86_64-linux-gnu/libz.so.1.2.8
7f16453be000-7f16455bd000 ---p 00018000 08:0a 397441                     /lib/x86_64-linux-gnu/libz.so.1.2.8
7f16455bd000-7f16455be000 r--p 00017000 08:0a 397441                     /lib/x86_64-linux-gnu/libz.so.1.2.8
7f16455be000-7f16455bf000 rw-p 00018000 08:0a 397441                     /lib/x86_64-linux-gnu/libz.so.1.2.8
7f16455bf000-7f16467fd000 r-xp 00000000 08:0a 1051589                    /tmp/javacpp1665267659200/libavcodec.so.57
7f16467fd000-7f16469fd000 ---p 0123e000 08:0a 1051589                    /tmp/javacpp1665267659200/libavcodec.so.57
7f16469fd000-7f1646a30000 r--p 0123e000 08:0a 1051589                    /tmp/javacpp1665267659200/libavcodec.so.57
7f1646a30000-7f1646a54000 rw-p 01271000 08:0a 1051589                    /tmp/javacpp1665267659200/libavcodec.so.57
7f1646a54000-7f16471d8000 rw-p 00000000 00:00 0 
7f16471d8000-7f16471e4000 r-xp 00000000 08:0a 1051588                    /tmp/javacpp1665267659200/libjniswresample.so
7f16471e4000-7f16473e3000 ---p 0000c000 08:0a 1051588                    /tmp/javacpp1665267659200/libjniswresample.so
7f16473e3000-7f16473e4000 r--p 0000b000 08:0a 1051588                    /tmp/javacpp1665267659200/libjniswresample.so
7f16473e4000-7f16473e5000 rw-p 0000c000 08:0a 1051588                    /tmp/javacpp1665267659200/libjniswresample.so
7f16473e5000-7f16473fd000 r-xp 00000000 08:0a 1051575                    /tmp/javacpp1665267659200/libswresample.so.2
7f16473fd000-7f16475fd000 ---p 00018000 08:0a 1051575                    /tmp/javacpp1665267659200/libswresample.so.2
7f16475fd000-7f16475ff000 r--p 00018000 08:0a 1051575                    /tmp/javacpp1665267659200/libswresample.so.2
7f16475ff000-7f1647600000 rw-p 0001a000 08:0a 1051575                    /tmp/javacpp1665267659200/libswresample.so.2
7f1647600000-7f1647616000 r-xp 00000000 08:0a 397218                     /lib/x86_64-linux-gnu/libgcc_s.so.1
7f1647616000-7f1647815000 ---p 00016000 08:0a 397218                     /lib/x86_64-linux-gnu/libgcc_s.so.1
7f1647815000-7f1647816000 rw-p 00015000 08:0a 397218                     /lib/x86_64-linux-gnu/libgcc_s.so.1
7f1647816000-7f16478fc000 r-xp 00000000 08:0a 2490716                    /usr/lib/x86_64-linux-gnu/libstdc++.so.6.0.19
7f16478fc000-7f1647afb000 ---p 000e6000 08:0a 2490716                    /usr/lib/x86_64-linux-gnu/libstdc++.so.6.0.19
7f1647afb000-7f1647b03000 r--p 000e5000 08:0a 2490716                    /usr/lib/x86_64-linux-gnu/libstdc++.so.6.0.19
7f1647b03000-7f1647b05000 rw-p 000ed000 08:0a 2490716                    /usr/lib/x86_64-linux-gnu/libstdc++.so.6.0.19
7f1647b05000-7f1647b1a000 rw-p 00000000 00:00 0 
7f1647b1a000-7f1647b89000 r-xp 00000000 08:0a 1051574                    /tmp/javacpp1665267659200/libjniavutil.so
7f1647b89000-7f1647d88000 ---p 0006f000 08:0a 1051574                    /tmp/javacpp1665267659200/libjniavutil.so
7f1647d88000-7f1647d89000 r--p 0006e000 08:0a 1051574                    /tmp/javacpp1665267659200/libjniavutil.so
7f1647d89000-7f1647d8a000 rw-p 0006f000 08:0a 1051574                    /tmp/javacpp1665267659200/libjniavutil.so
7f1647d8a000-7f1647ddb000 r-xp 00000000 08:0a 1051573                    /tmp/javacpp1665267659200/libavutil.so.55
7f1647ddb000-7f1647fdb000 ---p 00051000 08:0a 1051573                    /tmp/javacpp1665267659200/libavutil.so.55
7f1647fdb000-7f1647feb000 r--p 00051000 08:0a 1051573                    /tmp/javacpp1665267659200/libavutil.so.55
7f1647feb000-7f1647fec000 rw-p 00061000 08:0a 1051573                    /tmp/javacpp1665267659200/libavutil.so.55
7f1647fec000-7f1648000000 rw-p 00000000 00:00 0 
7f1648000000-7f16480ba000 rw-p 00000000 00:00 0 
7f16480ba000-7f164c000000 ---p 00000000 00:00 0 
7f164c000000-7f164c021000 rw-p 00000000 00:00 0 
7f164c021000-7f1650000000 ---p 00000000 00:00 0 
7f1650000000-7f1650194000 rw-p 00000000 00:00 0 
7f1650194000-7f1654000000 ---p 00000000 00:00 0 
7f1654000000-7f165414b000 rw-p 00000000 00:00 0 
7f165414b000-7f1658000000 ---p 00000000 00:00 0 
7f1658000000-7f1658021000 rw-p 00000000 00:00 0 
7f1658021000-7f165c000000 ---p 00000000 00:00 0 
7f165c000000-7f165c167000 rw-p 00000000 00:00 0 
7f165c167000-7f1660000000 ---p 00000000 00:00 0 
7f1660000000-7f1660021000 rw-p 00000000 00:00 0 
7f1660021000-7f1664000000 ---p 00000000 00:00 0 
7f1664000000-7f1664021000 rw-p 00000000 00:00 0 
7f1664021000-7f1668000000 ---p 00000000 00:00 0 
7f1668000000-7f1668021000 rw-p 00000000 00:00 0 
7f1668021000-7f166c000000 ---p 00000000 00:00 0 
7f166c0bc000-7f166c106000 rw-p 00000000 00:00 0 
7f166c106000-7f166c2e5000 r--s 02ed6000 08:0a 529214                     /home/taozhiheng/IdeaProjects/Video/out/artifacts/Video_jar/Video.jar (deleted)
7f166c2e5000-7f166c2e6000 ---p 00000000 00:00 0 
7f166c2e6000-7f166c3e6000 rw-p 00000000 00:00 0                          [stack:4557]
7f166c3e6000-7f166c3e9000 ---p 00000000 00:00 0 
7f166c3e9000-7f166c4e7000 rw-p 00000000 00:00 0                          [stack:4556]
7f166c4e7000-7f166c4ea000 ---p 00000000 00:00 0 
7f166c4ea000-7f166c5e8000 rw-p 00000000 00:00 0                          [stack:4555]
7f166c5e8000-7f166c5eb000 ---p 00000000 00:00 0 
7f166c5eb000-7f166c6e9000 rw-p 00000000 00:00 0                          [stack:4554]
7f166c6e9000-7f166c6ec000 ---p 00000000 00:00 0 
7f166c6ec000-7f166c7ea000 rw-p 00000000 00:00 0                          [stack:4553]
7f166c7ea000-7f166c7ed000 ---p 00000000 00:00 0 
7f166c7ed000-7f166c8eb000 rw-p 00000000 00:00 0                          [stack:4552]
7f166c8eb000-7f166c8ee000 ---p 00000000 00:00 0 
7f166c8ee000-7f166c9ec000 rw-p 00000000 00:00 0                          [stack:4551]
7f166c9ec000-7f166d0ce000 r--p 00000000 08:0a 2497861                    /usr/lib/locale/locale-archive
7f166d0ce000-7f166d0d1000 ---p 00000000 00:00 0 
7f166d0d1000-7f166d1cf000 rw-p 00000000 00:00 0                          [stack:4550]
7f166d1cf000-7f166d1d2000 ---p 00000000 00:00 0 
7f166d1d2000-7f166d2d0000 rw-p 00000000 00:00 0                          [stack:4549]
7f166d2d0000-7f166d2d1000 ---p 00000000 00:00 0 
7f166d2d1000-7f1670000000 rw-p 00000000 00:00 0                          [stack:4548]
7f1670000000-7f1670021000 rw-p 00000000 00:00 0 
7f1670021000-7f1674000000 ---p 00000000 00:00 0 
7f1674000000-7f1674021000 rw-p 00000000 00:00 0 
7f1674021000-7f1678000000 ---p 00000000 00:00 0 
7f1678000000-7f1678021000 rw-p 00000000 00:00 0 
7f1678021000-7f167c000000 ---p 00000000 00:00 0 
7f167c000000-7f167c021000 rw-p 00000000 00:00 0 
7f167c021000-7f1680000000 ---p 00000000 00:00 0 
7f1680000000-7f1680021000 rw-p 00000000 00:00 0 
7f1680021000-7f1684000000 ---p 00000000 00:00 0 
7f1684000000-7f1684021000 rw-p 00000000 00:00 0 
7f1684021000-7f1688000000 ---p 00000000 00:00 0 
7f1688000000-7f1688021000 rw-p 00000000 00:00 0 
7f1688021000-7f168c000000 ---p 00000000 00:00 0 
7f168c000000-7f168c021000 rw-p 00000000 00:00 0 
7f168c021000-7f1690000000 ---p 00000000 00:00 0 
7f1690008000-7f1690e2a000 rw-p 00000000 00:00 0 
7f1690e2a000-7f1691000000 r--s 03caa000 08:0a 4722383                    /usr/java/jdk1.8.0_25/jre/lib/rt.jar
7f1691000000-7f1691270000 rwxp 00000000 00:00 0 
7f1691270000-7f16a0000000 ---p 00000000 00:00 0 
7f16a0000000-7f16a03e5000 rw-p 00000000 00:00 0 
7f16a03e5000-7f16a4000000 ---p 00000000 00:00 0 
7f16a4009000-7f16a477f000 rw-p 00000000 00:00 0 
7f16a477f000-7f16a487f000 ---p 00000000 00:00 0 
7f16a487f000-7f16a4a5f000 rw-p 00000000 00:00 0 
7f16a4a5f000-7f16a4a60000 ---p 00000000 00:00 0 
7f16a4a60000-7f16a4b60000 rw-p 00000000 00:00 0                          [stack:4547]
7f16a4b60000-7f16a4b61000 ---p 00000000 00:00 0 
7f16a4b61000-7f16a4c61000 rw-p 00000000 00:00 0                          [stack:4546]
7f16a4c61000-7f16a4c62000 ---p 00000000 00:00 0 
7f16a4c62000-7f16a4d62000 rw-p 00000000 00:00 0                          [stack:4545]
7f16a4d62000-7f16a4d63000 ---p 00000000 00:00 0 
7f16a4d63000-7f16a4e63000 rw-p 00000000 00:00 0                          [stack:4544]
7f16a4e63000-7f16a4e64000 ---p 00000000 00:00 0 
7f16a4e64000-7f16a4f64000 rw-p 00000000 00:00 0                          [stack:4543]
7f16a4f64000-7f16a4f65000 ---p 00000000 00:00 0 
7f16a4f65000-7f16a5065000 rw-p 00000000 00:00 0                          [stack:4542]
7f16a5065000-7f16a5066000 ---p 00000000 00:00 0 
7f16a5066000-7f16a5166000 rw-p 00000000 00:00 0                          [stack:4541]
7f16a5166000-7f16a5167000 ---p 00000000 00:00 0 
7f16a5167000-7f16a527b000 rw-p 00000000 00:00 0                          [stack:4540]
7f16a527b000-7f16a53a7000 ---p 00000000 00:00 0 
7f16a53a7000-7f16a53bb000 rw-p 00000000 00:00 0 
7f16a53bb000-7f16a54e7000 ---p 00000000 00:00 0 
7f16a54e7000-7f16a54f1000 rw-p 00000000 00:00 0 
7f16a54f1000-7f16a5587000 ---p 00000000 00:00 0 
7f16a5587000-7f16a5592000 rw-p 00000000 00:00 0 
7f16a5592000-7f16a5948000 ---p 00000000 00:00 0 
7f16a5948000-7f16a5962000 r-xp 00000000 08:0a 4722348                    /usr/java/jdk1.8.0_25/jre/lib/amd64/libzip.so
7f16a5962000-7f16a5b62000 ---p 0001a000 08:0a 4722348                    /usr/java/jdk1.8.0_25/jre/lib/amd64/libzip.so
7f16a5b62000-7f16a5b63000 rw-p 0001a000 08:0a 4722348                    /usr/java/jdk1.8.0_25/jre/lib/amd64/libzip.so
7f16a5b63000-7f16a5b6d000 r-xp 00000000 08:0a 397290                     /lib/x86_64-linux-gnu/libnss_files-2.19.so
7f16a5b6d000-7f16a5d6c000 ---p 0000a000 08:0a 397290                     /lib/x86_64-linux-gnu/libnss_files-2.19.so
7f16a5d6c000-7f16a5d6d000 r--p 00009000 08:0a 397290                     /lib/x86_64-linux-gnu/libnss_files-2.19.so
7f16a5d6d000-7f16a5d6e000 rw-p 0000a000 08:0a 397290                     /lib/x86_64-linux-gnu/libnss_files-2.19.so
7f16a5d6e000-7f16a5d79000 r-xp 00000000 08:0a 397201                     /lib/x86_64-linux-gnu/libnss_nis-2.19.so
7f16a5d79000-7f16a5f78000 ---p 0000b000 08:0a 397201                     /lib/x86_64-linux-gnu/libnss_nis-2.19.so
7f16a5f78000-7f16a5f79000 r--p 0000a000 08:0a 397201                     /lib/x86_64-linux-gnu/libnss_nis-2.19.so
7f16a5f79000-7f16a5f7a000 rw-p 0000b000 08:0a 397201                     /lib/x86_64-linux-gnu/libnss_nis-2.19.so
7f16a5f7a000-7f16a5f91000 r-xp 00000000 08:0a 397197                     /lib/x86_64-linux-gnu/libnsl-2.19.so
7f16a5f91000-7f16a6190000 ---p 00017000 08:0a 397197                     /lib/x86_64-linux-gnu/libnsl-2.19.so
7f16a6190000-7f16a6191000 r--p 00016000 08:0a 397197                     /lib/x86_64-linux-gnu/libnsl-2.19.so
7f16a6191000-7f16a6192000 rw-p 00017000 08:0a 397197                     /lib/x86_64-linux-gnu/libnsl-2.19.so
7f16a6192000-7f16a6194000 rw-p 00000000 00:00 0 
7f16a6194000-7f16a619d000 r-xp 00000000 08:0a 397196                     /lib/x86_64-linux-gnu/libnss_compat-2.19.so
7f16a619d000-7f16a639c000 ---p 00009000 08:0a 397196                     /lib/x86_64-linux-gnu/libnss_compat-2.19.so
7f16a639c000-7f16a639d000 r--p 00008000 08:0a 397196                     /lib/x86_64-linux-gnu/libnss_compat-2.19.so
7f16a639d000-7f16a639e000 rw-p 00009000 08:0a 397196                     /lib/x86_64-linux-gnu/libnss_compat-2.19.so
7f16a639e000-7f16a63c8000 r-xp 00000000 08:0a 4722329                    /usr/java/jdk1.8.0_25/jre/lib/amd64/libjava.so
7f16a63c8000-7f16a65c8000 ---p 0002a000 08:0a 4722329                    /usr/java/jdk1.8.0_25/jre/lib/amd64/libjava.so
7f16a65c8000-7f16a65ca000 rw-p 0002a000 08:0a 4722329                    /usr/java/jdk1.8.0_25/jre/lib/amd64/libjava.so
7f16a65ca000-7f16a65d7000 r-xp 00000000 08:0a 4722342                    /usr/java/jdk1.8.0_25/jre/lib/amd64/libverify.so
7f16a65d7000-7f16a67d7000 ---p 0000d000 08:0a 4722342                    /usr/java/jdk1.8.0_25/jre/lib/amd64/libverify.so
7f16a67d7000-7f16a67d9000 rw-p 0000d000 08:0a 4722342                    /usr/java/jdk1.8.0_25/jre/lib/amd64/libverify.so
7f16a67d9000-7f16a67e0000 r-xp 00000000 08:0a 397214                     /lib/x86_64-linux-gnu/librt-2.19.so
7f16a67e0000-7f16a69df000 ---p 00007000 08:0a 397214                     /lib/x86_64-linux-gnu/librt-2.19.so
7f16a69df000-7f16a69e0000 r--p 00006000 08:0a 397214                     /lib/x86_64-linux-gnu/librt-2.19.so
7f16a69e0000-7f16a69e1000 rw-p 00007000 08:0a 397214                     /lib/x86_64-linux-gnu/librt-2.19.so
7f16a69e1000-7f16a6ae6000 r-xp 00000000 08:0a 393319                     /lib/x86_64-linux-gnu/libm-2.19.so
7f16a6ae6000-7f16a6ce5000 ---p 00105000 08:0a 393319                     /lib/x86_64-linux-gnu/libm-2.19.so
7f16a6ce5000-7f16a6ce6000 r--p 00104000 08:0a 393319                     /lib/x86_64-linux-gnu/libm-2.19.so
7f16a6ce6000-7f16a6ce7000 rw-p 00105000 08:0a 393319                     /lib/x86_64-linux-gnu/libm-2.19.so
7f16a6ce7000-7f16a7954000 r-xp 00000000 08:0a 401185                     /usr/java/jdk1.8.0_25/jre/lib/amd64/server/libjvm.so
7f16a7954000-7f16a7b53000 ---p 00c6d000 08:0a 401185                     /usr/java/jdk1.8.0_25/jre/lib/amd64/server/libjvm.so
7f16a7b53000-7f16a7c29000 rw-p 00c6c000 08:0a 401185                     /usr/java/jdk1.8.0_25/jre/lib/amd64/server/libjvm.so
7f16a7c29000-7f16a7c6c000 rw-p 00000000 00:00 0 
7f16a7c6c000-7f16a7e26000 r-xp 00000000 08:0a 397215                     /lib/x86_64-linux-gnu/libc-2.19.so
7f16a7e26000-7f16a8026000 ---p 001ba000 08:0a 397215                     /lib/x86_64-linux-gnu/libc-2.19.so
7f16a8026000-7f16a802a000 r--p 001ba000 08:0a 397215                     /lib/x86_64-linux-gnu/libc-2.19.so
7f16a802a000-7f16a802c000 rw-p 001be000 08:0a 397215                     /lib/x86_64-linux-gnu/libc-2.19.so
7f16a802c000-7f16a8031000 rw-p 00000000 00:00 0 
7f16a8031000-7f16a8034000 r-xp 00000000 08:0a 397193                     /lib/x86_64-linux-gnu/libdl-2.19.so
7f16a8034000-7f16a8233000 ---p 00003000 08:0a 397193                     /lib/x86_64-linux-gnu/libdl-2.19.so
7f16a8233000-7f16a8234000 r--p 00002000 08:0a 397193                     /lib/x86_64-linux-gnu/libdl-2.19.so
7f16a8234000-7f16a8235000 rw-p 00003000 08:0a 397193                     /lib/x86_64-linux-gnu/libdl-2.19.so
7f16a8235000-7f16a824a000 r-xp 00000000 08:0a 3817545                    /usr/java/jdk1.8.0_25/lib/amd64/jli/libjli.so
7f16a824a000-7f16a8449000 ---p 00015000 08:0a 3817545                    /usr/java/jdk1.8.0_25/lib/amd64/jli/libjli.so
7f16a8449000-7f16a844a000 rw-p 00014000 08:0a 3817545                    /usr/java/jdk1.8.0_25/lib/amd64/jli/libjli.so
7f16a844a000-7f16a8463000 r-xp 00000000 08:0a 397198                     /lib/x86_64-linux-gnu/libpthread-2.19.so
7f16a8463000-7f16a8662000 ---p 00019000 08:0a 397198                     /lib/x86_64-linux-gnu/libpthread-2.19.so
7f16a8662000-7f16a8663000 r--p 00018000 08:0a 397198                     /lib/x86_64-linux-gnu/libpthread-2.19.so
7f16a8663000-7f16a8664000 rw-p 00019000 08:0a 397198                     /lib/x86_64-linux-gnu/libpthread-2.19.so
7f16a8664000-7f16a8668000 rw-p 00000000 00:00 0 
7f16a8668000-7f16a868b000 r-xp 00000000 08:0a 397199                     /lib/x86_64-linux-gnu/ld-2.19.so
7f16a8690000-7f16a8768000 rw-p 00000000 00:00 0 
7f16a8768000-7f16a876b000 ---p 00000000 00:00 0 
7f16a876b000-7f16a886d000 rw-p 00000000 00:00 0                          [stack:4539]
7f16a887d000-7f16a887e000 rw-p 00000000 00:00 0 
7f16a887e000-7f16a8886000 rw-s 00000000 08:0a 1051569                    /tmp/hsperfdata_taozhiheng/4537
7f16a8886000-7f16a8887000 rw-p 00000000 00:00 0 
7f16a8887000-7f16a8888000 r--p 00000000 00:00 0 
7f16a8888000-7f16a888a000 rw-p 00000000 00:00 0 
7f16a888a000-7f16a888b000 r--p 00022000 08:0a 397199                     /lib/x86_64-linux-gnu/ld-2.19.so
7f16a888b000-7f16a888c000 rw-p 00023000 08:0a 397199                     /lib/x86_64-linux-gnu/ld-2.19.so
7f16a888c000-7f16a888d000 rw-p 00000000 00:00 0 
7ffcff699000-7ffcff6ba000 rw-p 00000000 00:00 0                          [stack]
7ffcff746000-7ffcff748000 r-xp 00000000 00:00 0                          [vdso]
ffffffffff600000-ffffffffff601000 r-xp 00000000 00:00 0                  [vsyscall]

VM Arguments:
java_command: com.persist.GrabThread
java_class_path (initial): out/artifacts/Video_jar/Video.jar
Launcher Type: SUN_STANDARD

Environment Variables:
JAVA_HOME=/usr/java/jdk1.8.0_25
CLASSPATH=idea-IU-141.2735.5/bin/../lib/bootstrap.jar:idea-IU-141.2735.5/bin/../lib/extensions.jar:idea-IU-141.2735.5/bin/../lib/util.jar:idea-IU-141.2735.5/bin/../lib/jdom.jar:idea-IU-141.2735.5/bin/../lib/log4j.jar:idea-IU-141.2735.5/bin/../lib/trove4j.jar:idea-IU-141.2735.5/bin/../lib/jna.jar:/usr/java/jdk1.8.0_25/lib/tools.jar
PATH=/usr/local/bin:/usr/local/apache-storm-0.9.6/bin:/home/taozhiheng/android-ndk-r10e:/usr/java/jdk1.8.0_25/bin:/usr/local/sbin:/usr/local/bin:/usr/sbin:/usr/bin:/sbin:/bin:/usr/games:/usr/local/games
LD_LIBRARY_PATH=idea-IU-141.2735.5/bin:
SHELL=/usr/bin/fish
DISPLAY=:0

Signal Handlers:
SIGSEGV: [libjvm.so+0xa79a80], sa_mask[0]=11111111011111111101111111111110, sa_flags=SA_RESTART|SA_SIGINFO
SIGBUS: [libjvm.so+0xa79a80], sa_mask[0]=11111111011111111101111111111110, sa_flags=SA_RESTART|SA_SIGINFO
SIGFPE: [libjvm.so+0x8e24e0], sa_mask[0]=11111111011111111101111111111110, sa_flags=SA_RESTART|SA_SIGINFO
SIGPIPE: [libjvm.so+0x8e24e0], sa_mask[0]=11111111011111111101111111111110, sa_flags=SA_RESTART|SA_SIGINFO
SIGXFSZ: [libjvm.so+0x8e24e0], sa_mask[0]=11111111011111111101111111111110, sa_flags=SA_RESTART|SA_SIGINFO
SIGILL: [libjvm.so+0x8e24e0], sa_mask[0]=11111111011111111101111111111110, sa_flags=SA_RESTART|SA_SIGINFO
SIGUSR1: SIG_DFL, sa_mask[0]=00000000000000000000000000000000, sa_flags=none
SIGUSR2: [libjvm.so+0x8e3d10], sa_mask[0]=00100000000000000000000000000000, sa_flags=SA_RESTART|SA_SIGINFO
SIGHUP: [libjvm.so+0x8e50d0], sa_mask[0]=11111111011111111101111111111110, sa_flags=SA_RESTART|SA_SIGINFO
SIGINT: [libjvm.so+0x8e50d0], sa_mask[0]=11111111011111111101111111111110, sa_flags=SA_RESTART|SA_SIGINFO
SIGTERM: [libjvm.so+0x8e50d0], sa_mask[0]=11111111011111111101111111111110, sa_flags=SA_RESTART|SA_SIGINFO
SIGQUIT: [libjvm.so+0x8e50d0], sa_mask[0]=11111111011111111101111111111110, sa_flags=SA_RESTART|SA_SIGINFO


---------------  S Y S T E M  ---------------

OS:DISTRIB_ID=Ubuntu
DISTRIB_RELEASE=14.04
DISTRIB_CODENAME=trusty
DISTRIB_DESCRIPTION="Ubuntu 14.04.4 LTS"

uname:Linux 3.13.0-76-generic #120-Ubuntu SMP Mon Jan 18 15:59:10 UTC 2016 x86_64
libc:glibc 2.19 NPTL 2.19 
rlimit: STACK 8192k, CORE 0k, NPROC 29117, NOFILE 4096, AS infinity
load average:1.24 1.33 1.38

/proc/meminfo:
MemTotal:        3928208 kB
MemFree:          128488 kB
Buffers:           37780 kB
Cached:           702332 kB
SwapCached:       111868 kB
Active:          2448704 kB
Inactive:        1028376 kB
Active(anon):    2220808 kB
Inactive(anon):   842068 kB
Active(file):     227896 kB
Inactive(file):   186308 kB
Unevictable:          48 kB
Mlocked:              48 kB
SwapTotal:       3906556 kB
SwapFree:        3374284 kB
Dirty:               148 kB
Writeback:             0 kB
AnonPages:       2664068 kB
Mapped:           223488 kB
Shmem:            325600 kB
Slab:             185292 kB
SReclaimable:     144436 kB
SUnreclaim:        40856 kB
KernelStack:        6672 kB
PageTables:        45152 kB
NFS_Unstable:          0 kB
Bounce:                0 kB
WritebackTmp:          0 kB
CommitLimit:     5870660 kB
Committed_AS:    9018676 kB
VmallocTotal:   34359738367 kB
VmallocUsed:      407484 kB
VmallocChunk:   34359316400 kB
HardwareCorrupted:     0 kB
AnonHugePages:   1292288 kB
HugePages_Total:       0
HugePages_Free:        0
HugePages_Rsvd:        0
HugePages_Surp:        0
Hugepagesize:       2048 kB
DirectMap4k:       91544 kB
DirectMap2M:     3983360 kB


CPU:total 8 (4 cores per cpu, 2 threads per core) family 6 model 58 stepping 9, cmov, cx8, fxsr, mmx, sse, sse2, sse3, ssse3, sse4.1, sse4.2, popcnt, avx, aes, clmul, erms, ht, tsc, tscinvbit, tscinv

/proc/cpuinfo:
processor	: 0
vendor_id	: GenuineIntel
cpu family	: 6
model		: 58
model name	: Intel(R) Core(TM) i7-3630QM CPU @ 2.40GHz
stepping	: 9
microcode	: 0x15
cpu MHz		: 1200.000
cache size	: 6144 KB
physical id	: 0
siblings	: 8
core id		: 0
cpu cores	: 4
apicid		: 0
initial apicid	: 0
fpu		: yes
fpu_exception	: yes
cpuid level	: 13
wp		: yes
flags		: fpu vme de pse tsc msr pae mce cx8 apic sep mtrr pge mca cmov pat pse36 clflush dts acpi mmx fxsr sse sse2 ss ht tm pbe syscall nx rdtscp lm constant_tsc arch_perfmon pebs bts rep_good nopl xtopology nonstop_tsc aperfmperf eagerfpu pni pclmulqdq dtes64 monitor ds_cpl vmx est tm2 ssse3 cx16 xtpr pdcm pcid sse4_1 sse4_2 x2apic popcnt tsc_deadline_timer aes xsave avx f16c rdrand lahf_lm ida arat epb xsaveopt pln pts dtherm tpr_shadow vnmi flexpriority ept vpid fsgsbase smep erms
bogomips	: 4789.00
clflush size	: 64
cache_alignment	: 64
address sizes	: 36 bits physical, 48 bits virtual
power management:

processor	: 1
vendor_id	: GenuineIntel
cpu family	: 6
model		: 58
model name	: Intel(R) Core(TM) i7-3630QM CPU @ 2.40GHz
stepping	: 9
microcode	: 0x15
cpu MHz		: 1200.000
cache size	: 6144 KB
physical id	: 0
siblings	: 8
core id		: 1
cpu cores	: 4
apicid		: 2
initial apicid	: 2
fpu		: yes
fpu_exception	: yes
cpuid level	: 13
wp		: yes
flags		: fpu vme de pse tsc msr pae mce cx8 apic sep mtrr pge mca cmov pat pse36 clflush dts acpi mmx fxsr sse sse2 ss ht tm pbe syscall nx rdtscp lm constant_tsc arch_perfmon pebs bts rep_good nopl xtopology nonstop_tsc aperfmperf eagerfpu pni pclmulqdq dtes64 monitor ds_cpl vmx est tm2 ssse3 cx16 xtpr pdcm pcid sse4_1 sse4_2 x2apic popcnt tsc_deadline_timer aes xsave avx f16c rdrand lahf_lm ida arat epb xsaveopt pln pts dtherm tpr_shadow vnmi flexpriority ept vpid fsgsbase smep erms
bogomips	: 4789.00
clflush size	: 64
cache_alignment	: 64
address sizes	: 36 bits physical, 48 bits virtual
power management:

processor	: 2
vendor_id	: GenuineIntel
cpu family	: 6
model		: 58
model name	: Intel(R) Core(TM) i7-3630QM CPU @ 2.40GHz
stepping	: 9
microcode	: 0x15
cpu MHz		: 1200.000
cache size	: 6144 KB
physical id	: 0
siblings	: 8
core id		: 2
cpu cores	: 4
apicid		: 4
initial apicid	: 4
fpu		: yes
fpu_exception	: yes
cpuid level	: 13
wp		: yes
flags		: fpu vme de pse tsc msr pae mce cx8 apic sep mtrr pge mca cmov pat pse36 clflush dts acpi mmx fxsr sse sse2 ss ht tm pbe syscall nx rdtscp lm constant_tsc arch_perfmon pebs bts rep_good nopl xtopology nonstop_tsc aperfmperf eagerfpu pni pclmulqdq dtes64 monitor ds_cpl vmx est tm2 ssse3 cx16 xtpr pdcm pcid sse4_1 sse4_2 x2apic popcnt tsc_deadline_timer aes xsave avx f16c rdrand lahf_lm ida arat epb xsaveopt pln pts dtherm tpr_shadow vnmi flexpriority ept vpid fsgsbase smep erms
bogomips	: 4789.00
clflush size	: 64
cache_alignment	: 64
address sizes	: 36 bits physical, 48 bits virtual
power management:

processor	: 3
vendor_id	: GenuineIntel
cpu family	: 6
model		: 58
model name	: Intel(R) Core(TM) i7-3630QM CPU @ 2.40GHz
stepping	: 9
microcode	: 0x15
cpu MHz		: 1200.000
cache size	: 6144 KB
physical id	: 0
siblings	: 8
core id		: 3
cpu cores	: 4
apicid		: 6
initial apicid	: 6
fpu		: yes
fpu_exception	: yes
cpuid level	: 13
wp		: yes
flags		: fpu vme de pse tsc msr pae mce cx8 apic sep mtrr pge mca cmov pat pse36 clflush dts acpi mmx fxsr sse sse2 ss ht tm pbe syscall nx rdtscp lm constant_tsc arch_perfmon pebs bts rep_good nopl xtopology nonstop_tsc aperfmperf eagerfpu pni pclmulqdq dtes64 monitor ds_cpl vmx est tm2 ssse3 cx16 xtpr pdcm pcid sse4_1 sse4_2 x2apic popcnt tsc_deadline_timer aes xsave avx f16c rdrand lahf_lm ida arat epb xsaveopt pln pts dtherm tpr_shadow vnmi flexpriority ept vpid fsgsbase smep erms
bogomips	: 4789.00
clflush size	: 64
cache_alignment	: 64
address sizes	: 36 bits physical, 48 bits virtual
power management:

processor	: 4
vendor_id	: GenuineIntel
cpu family	: 6
model		: 58
model name	: Intel(R) Core(TM) i7-3630QM CPU @ 2.40GHz
stepping	: 9
microcode	: 0x15
cpu MHz		: 1200.000
cache size	: 6144 KB
physical id	: 0
siblings	: 8
core id		: 0
cpu cores	: 4
apicid		: 1
initial apicid	: 1
fpu		: yes
fpu_exception	: yes
cpuid level	: 13
wp		: yes
flags		: fpu vme de pse tsc msr pae mce cx8 apic sep mtrr pge mca cmov pat pse36 clflush dts acpi mmx fxsr sse sse2 ss ht tm pbe syscall nx rdtscp lm constant_tsc arch_perfmon pebs bts rep_good nopl xtopology nonstop_tsc aperfmperf eagerfpu pni pclmulqdq dtes64 monitor ds_cpl vmx est tm2 ssse3 cx16 xtpr pdcm pcid sse4_1 sse4_2 x2apic popcnt tsc_deadline_timer aes xsave avx f16c rdrand lahf_lm ida arat epb xsaveopt pln pts dtherm tpr_shadow vnmi flexpriority ept vpid fsgsbase smep erms
bogomips	: 4789.00
clflush size	: 64
cache_alignment	: 64
address sizes	: 36 bits physical, 48 bits virtual
power management:

processor	: 5
vendor_id	: GenuineIntel
cpu family	: 6
model		: 58
model name	: Intel(R) Core(TM) i7-3630QM CPU @ 2.40GHz
stepping	: 9
microcode	: 0x15
cpu MHz		: 2401.000
cache size	: 6144 KB
physical id	: 0
siblings	: 8
core id		: 1
cpu cores	: 4
apicid		: 3
initial apicid	: 3
fpu		: yes
fpu_exception	: yes
cpuid level	: 13
wp		: yes
flags		: fpu vme de pse tsc msr pae mce cx8 apic sep mtrr pge mca cmov pat pse36 clflush dts acpi mmx fxsr sse sse2 ss ht tm pbe syscall nx rdtscp lm constant_tsc arch_perfmon pebs bts rep_good nopl xtopology nonstop_tsc aperfmperf eagerfpu pni pclmulqdq dtes64 monitor ds_cpl vmx est tm2 ssse3 cx16 xtpr pdcm pcid sse4_1 sse4_2 x2apic popcnt tsc_deadline_timer aes xsave avx f16c rdrand lahf_lm ida arat epb xsaveopt pln pts dtherm tpr_shadow vnmi flexpriority ept vpid fsgsbase smep erms
bogomips	: 4789.00
clflush size	: 64
cache_alignment	: 64
address sizes	: 36 bits physical, 48 bits virtual
power management:

processor	: 6
vendor_id	: GenuineIntel
cpu family	: 6
model		: 58
model name	: Intel(R) Core(TM) i7-3630QM CPU @ 2.40GHz
stepping	: 9
microcode	: 0x15
cpu MHz		: 1200.000
cache size	: 6144 KB
physical id	: 0
siblings	: 8
core id		: 2
cpu cores	: 4
apicid		: 5
initial apicid	: 5
fpu		: yes
fpu_exception	: yes
cpuid level	: 13
wp		: yes
flags		: fpu vme de pse tsc msr pae mce cx8 apic sep mtrr pge mca cmov pat pse36 clflush dts acpi mmx fxsr sse sse2 ss ht tm pbe syscall nx rdtscp lm constant_tsc arch_perfmon pebs bts rep_good nopl xtopology nonstop_tsc aperfmperf eagerfpu pni pclmulqdq dtes64 monitor ds_cpl vmx est tm2 ssse3 cx16 xtpr pdcm pcid sse4_1 sse4_2 x2apic popcnt tsc_deadline_timer aes xsave avx f16c rdrand lahf_lm ida arat epb xsaveopt pln pts dtherm tpr_shadow vnmi flexpriority ept vpid fsgsbase smep erms
bogomips	: 4789.00
clflush size	: 64
cache_alignment	: 64
address sizes	: 36 bits physical, 48 bits virtual
power management:

processor	: 7
vendor_id	: GenuineIntel
cpu family	: 6
model		: 58
model name	: Intel(R) Core(TM) i7-3630QM CPU @ 2.40GHz
stepping	: 9
microcode	: 0x15
cpu MHz		: 1200.000
cache size	: 6144 KB
physical id	: 0
siblings	: 8
core id		: 3
cpu cores	: 4
apicid		: 7
initial apicid	: 7
fpu		: yes
fpu_exception	: yes
cpuid level	: 13
wp		: yes
flags		: fpu vme de pse tsc msr pae mce cx8 apic sep mtrr pge mca cmov pat pse36 clflush dts acpi mmx fxsr sse sse2 ss ht tm pbe syscall nx rdtscp lm constant_tsc arch_perfmon pebs bts rep_good nopl xtopology nonstop_tsc aperfmperf eagerfpu pni pclmulqdq dtes64 monitor ds_cpl vmx est tm2 ssse3 cx16 xtpr pdcm pcid sse4_1 sse4_2 x2apic popcnt tsc_deadline_timer aes xsave avx f16c rdrand lahf_lm ida arat epb xsaveopt pln pts dtherm tpr_shadow vnmi flexpriority ept vpid fsgsbase smep erms
bogomips	: 4789.00
clflush size	: 64
cache_alignment	: 64
address sizes	: 36 bits physical, 48 bits virtual
power management:



Memory: 4k page, physical 3928208k(128488k free), swap 3906556k(3374284k free)

vm_info: Java HotSpot(TM) 64-Bit Server VM (25.25-b02) for linux-amd64 JRE (1.8.0_25-b17), built on Sep 17 2014 17:32:11 by "java_re" with gcc 4.3.0 20080428 (Red Hat 4.3.0-8)

time: Fri Jul 22 09:45:50 2016
elapsed time: 1982 seconds (0d 0h 33m 2s)

